<?xml version="1.0" encoding="UTF-8"?>
<!-- Generated by org.testng.reporters.JUnitReportReporter -->
<testsuite hostname="DESKTOP-DPN1ULJ" failures="0" tests="1" name="aceCounterPlus.signUp" time="10.475" errors="0" timestamp="22 Mar 2018 01:44:12 GMT">
  <testcase classname="aceCounterPlus.signUp" name="addMarketing" time="10.475"/>
</testsuite> <!-- aceCounterPlus.signUp -->
