<?xml version="1.0" encoding="UTF-8"?>
<!-- Generated by org.testng.reporters.JUnitReportReporter -->
<testsuite hostname="DESKTOP-DPN1ULJ" failures="0" tests="1" name="aceCounterPlus.testScript" time="302.547" errors="0" timestamp="10 May 2018 03:06:15 GMT">
  <testcase classname="aceCounterPlus.testScript" name="파트너_담당자_추가" time="302.547"/>
</testsuite> <!-- aceCounterPlus.testScript -->
