<?xml version="1.0" encoding="UTF-8"?>
<!-- Generated by org.testng.reporters.JUnitReportReporter -->
<testsuite hostname="DESKTOP-DPN1ULJ" failures="0" tests="4" name="aceCounterPlus.signUp" time="19.824" errors="0" timestamp="2 Apr 2018 09:30:42 GMT">
  <testcase classname="aceCounterPlus.signUp" name="login" time="6.099"/>
  <testcase classname="aceCounterPlus.signUp" name="addMarketing_del" time="1.935"/>
  <testcase classname="aceCounterPlus.signUp" name="addMarketing_add" time="6.804"/>
  <testcase classname="aceCounterPlus.signUp" name="changePassword" time="4.986"/>
</testsuite> <!-- aceCounterPlus.signUp -->
