<?xml version="1.0" encoding="UTF-8"?>
<!-- Generated by org.testng.reporters.JUnitReportReporter -->
<testsuite hostname="DESKTOP-DPN1ULJ" failures="0" tests="3" name="aceCounterPlus.signUp" time="17.703" errors="0" timestamp="23 Mar 2018 06:11:36 GMT">
  <testcase classname="aceCounterPlus.signUp" name="login" time="5.645"/>
  <testcase classname="aceCounterPlus.signUp" name="addMarketing" time="7.074"/>
  <testcase classname="aceCounterPlus.signUp" name="changePassword" time="4.984"/>
</testsuite> <!-- aceCounterPlus.signUp -->
