<?xml version="1.0" encoding="UTF-8"?>
<!-- Generated by org.testng.reporters.JUnitReportReporter -->
<testsuite hostname="DESKTOP-DPN1ULJ" failures="0" tests="1" name="aceCounterPlus.signUp" time="7.264" errors="0" timestamp="3 Apr 2018 01:13:17 GMT">
  <testcase classname="aceCounterPlus.signUp" name="changePassword" time="7.264"/>
</testsuite> <!-- aceCounterPlus.signUp -->
