<?xml version="1.0" encoding="UTF-8"?>
<!-- Generated by org.testng.reporters.JUnitReportReporter -->
<testsuite hostname="DESKTOP-DPN1ULJ" failures="1" tests="2" name="aceCounterPlus.backOffice" time="289.356" errors="0" timestamp="19 Jan 2018 06:58:26 GMT">
  <testcase classname="aceCounterPlus.backOffice" name="login" time="2.456"/>
  <testcase classname="aceCounterPlus.backOffice" name="setting" time="286.900">
    <failure message="Element not found {.sub_m[26]}
Expected: visible" type="com.codeborne.selenide.ex.ElementNotFound">
      <![CDATA[Element not found {.sub_m[26]}
Expected: visible
Screenshot: 
Timeout: 4 s.
Caused by: SessionNotCreatedException: Tried to run command without establishing a connection
	at com.codeborne.selenide.impl.WebElementSource.createElementNotFoundError(WebElementSource.java:31)
	at com.codeborne.selenide.impl.ElementFinder.createElementNotFoundError(ElementFinder.java:82)
	at com.codeborne.selenide.impl.WebElementSource.checkCondition(WebElementSource.java:59)
	at com.codeborne.selenide.impl.WebElementSource.findAndAssertElementIsVisible(WebElementSource.java:72)
	at com.codeborne.selenide.commands.Click.execute(Click.java:16)
	at com.codeborne.selenide.commands.Click.execute(Click.java:12)
	at com.codeborne.selenide.commands.Commands.execute(Commands.java:144)
	at com.codeborne.selenide.impl.SelenideElementProxy.dispatchAndRetry(SelenideElementProxy.java:87)
	at com.codeborne.selenide.impl.SelenideElementProxy.invoke(SelenideElementProxy.java:63)
	at com.sun.proxy.$Proxy11.click(Unknown Source)
	at aceCounterPlus.backOffice.setting(backOffice.java:166)
	at java.base/jdk.internal.reflect.NativeMethodAccessorImpl.invoke0(Native Method)
	at java.base/jdk.internal.reflect.NativeMethodAccessorImpl.invoke(Unknown Source)
	at java.base/jdk.internal.reflect.DelegatingMethodAccessorImpl.invoke(Unknown Source)
	at java.base/java.lang.reflect.Method.invoke(Unknown Source)
	at org.testng.internal.MethodInvocationHelper.invokeMethod(MethodInvocationHelper.java:86)
	at org.testng.internal.Invoker.invokeMethod(Invoker.java:643)
	at org.testng.internal.Invoker.invokeTestMethod(Invoker.java:820)
	at org.testng.internal.Invoker.invokeTestMethods(Invoker.java:1128)
	at org.testng.internal.TestMethodWorker.invokeTestMethods(TestMethodWorker.java:129)
	at org.testng.internal.TestMethodWorker.run(TestMethodWorker.java:112)
	at org.testng.TestRunner.privateRun(TestRunner.java:782)
	at org.testng.TestRunner.run(TestRunner.java:632)
	at org.testng.SuiteRunner.runTest(SuiteRunner.java:366)
	at org.testng.SuiteRunner.runSequentially(SuiteRunner.java:361)
	at org.testng.SuiteRunner.privateRun(SuiteRunner.java:319)
	at org.testng.SuiteRunner.run(SuiteRunner.java:268)
	at org.testng.SuiteRunnerWorker.runSuite(SuiteRunnerWorker.java:52)
	at org.testng.SuiteRunnerWorker.run(SuiteRunnerWorker.java:86)
	at org.testng.TestNG.runSuitesSequentially(TestNG.java:1244)
	at org.testng.TestNG.runSuitesLocally(TestNG.java:1169)
	at org.testng.TestNG.run(TestNG.java:1064)
	at org.apache.maven.surefire.testng.TestNGExecutor.run(TestNGExecutor.java:283)
	at org.apache.maven.surefire.testng.TestNGXmlTestSuite.execute(TestNGXmlTestSuite.java:75)
	at org.apache.maven.surefire.testng.TestNGProvider.invoke(TestNGProvider.java:120)
	at org.apache.maven.surefire.booter.ForkedBooter.invokeProviderInSameClassLoader(ForkedBooter.java:386)
	at org.apache.maven.surefire.booter.ForkedBooter.runSuitesInProcess(ForkedBooter.java:323)
	at org.apache.maven.surefire.booter.ForkedBooter.main(ForkedBooter.java:143)
Caused by: org.openqa.selenium.SessionNotCreatedException: Tried to run command without establishing a connection
Build info: version: '3.6.0', revision: '6fbf3ec767', time: '2017-09-27T15:28:36.4Z'
System info: host: 'DESKTOP-DPN1ULJ', ip: '10.77.249.69', os.name: 'Windows 10', os.arch: 'amd64', os.version: '10.0', java.version: '9.0.1'
Driver info: org.openqa.selenium.remote.RemoteWebDriver
Capabilities [{moz:profile=C:\Users\최영권\AppData\Local\Temp\rust_mozprofile.i8X49rmH0MKb, rotatable=false, timeouts={implicit=0, pageLoad=300000, script=30000}, pageLoadStrategy=normal, moz:headless=false, platform=XP, moz:accessibilityChecks=false, acceptInsecureCerts=true, browserVersion=57.0.4, platformVersion=10.0, moz:processID=5700, browserName=firefox, javascriptEnabled=true, platformName=XP, moz:webdriverClick=false}]
Session ID: 7443a9ef-4883-470b-af1b-4f565e5a8e85
*** Element info: {Using=css selector, value=.sub_m}
	at jdk.internal.reflect.GeneratedConstructorAccessor11.newInstance(Unknown Source)
	at java.base/jdk.internal.reflect.DelegatingConstructorAccessorImpl.newInstance(Unknown Source)
	at java.base/java.lang.reflect.Constructor.newInstance(Unknown Source)
	at org.openqa.selenium.remote.http.W3CHttpResponseCodec.createException(W3CHttpResponseCodec.java:185)
	at org.openqa.selenium.remote.http.W3CHttpResponseCodec.decode(W3CHttpResponseCodec.java:120)
	at org.openqa.selenium.remote.http.W3CHttpResponseCodec.decode(W3CHttpResponseCodec.java:49)
	at org.openqa.selenium.remote.HttpCommandExecutor.execute(HttpCommandExecutor.java:164)
	at org.openqa.selenium.remote.RemoteWebDriver.execute(RemoteWebDriver.java:586)
	at org.openqa.selenium.remote.RemoteWebDriver.findElements(RemoteWebDriver.java:383)
	at org.openqa.selenium.remote.RemoteWebDriver.findElementsByCssSelector(RemoteWebDriver.java:454)
	at org.openqa.selenium.By$ByCssSelector.findElements(By.java:441)
	at org.openqa.selenium.remote.RemoteWebDriver.findElements(RemoteWebDriver.java:344)
	at com.codeborne.selenide.impl.WebElementSelector.findElements(WebElementSelector.java:38)
	at com.codeborne.selenide.impl.ElementFinder.getWebElement(ElementFinder.java:57)
	at com.codeborne.selenide.impl.WebElementSource.checkCondition(WebElementSource.java:44)
	... 35 more
]]>
    </failure>
  </testcase> <!-- setting -->
</testsuite> <!-- aceCounterPlus.backOffice -->
