<?xml version="1.0" encoding="UTF-8"?>
<!-- Generated by org.testng.reporters.JUnitReportReporter -->
<testsuite hostname="DESKTOP-DPN1ULJ" failures="0" tests="1" name="aceCounterPlus.signUp" time="12.058" errors="0" timestamp="21 Mar 2018 09:34:13 GMT">
  <testcase classname="aceCounterPlus.signUp" name="addMarketing" time="12.058"/>
</testsuite> <!-- aceCounterPlus.signUp -->
