<?xml version="1.0" encoding="UTF-8"?>
<!-- Generated by org.testng.reporters.JUnitReportReporter -->
<testsuite ignored="0" hostname="DESKTOP-DPN1ULJ" failures="0" tests="1" name="aceCounterPlus.memberInfo" time="22.759" errors="0" timestamp="23 5ì›” 2018 02:56:57 GMT" skipped="0">
  <testcase classname="aceCounterPlus.memberInfo" name="memberInfoChange" time="22.759"/>
</testsuite> <!-- aceCounterPlus.memberInfo -->
