<?xml version="1.0" encoding="UTF-8"?>
<!-- Generated by org.testng.reporters.JUnitReportReporter -->
<testsuite hostname="DESKTOP-DPN1ULJ" failures="0" tests="1" name="aceCounterPlus.signUp" time="5.242" errors="0" timestamp="26 Jan 2018 08:34:12 GMT">
  <testcase classname="aceCounterPlus.signUp" name="login" time="5.242"/>
</testsuite> <!-- aceCounterPlus.signUp -->
