<?xml version="1.0" encoding="UTF-8"?>
<!-- Generated by org.testng.reporters.JUnitReportReporter -->
<testsuite ignored="0" hostname="DESKTOP-DPN1ULJ" failures="0" tests="1" name="aceCounterPlus.memberInfo" time="18.793" errors="0" timestamp="24 5ì›” 2018 08:46:42 GMT" skipped="0">
  <testcase classname="aceCounterPlus.memberInfo" name="memberInfoChange" time="18.793"/>
</testsuite> <!-- aceCounterPlus.memberInfo -->
