<?xml version="1.0" encoding="UTF-8"?>
<!-- Generated by org.testng.reporters.JUnitReportReporter -->
<testsuite hostname="DESKTOP-DPN1ULJ" failures="1" tests="7" name="aceCounterPlus.backOffice" time="39.228" errors="0" timestamp="20 Mar 2018 03:10:08 GMT">
  <testcase classname="aceCounterPlus.backOffice" name="comPayment" time="10.941"/>
  <testcase classname="aceCounterPlus.backOffice" name="setting" time="4.484">
    <failure message="Element should be visible {.sub_m[25]}
Element: &#039;&lt;li class=&quot;sub_m&quot; value=&quot;0&quot; displayed:false&gt;&lt;/li&gt;&#039;" type="com.codeborne.selenide.ex.ElementShould">
      <![CDATA[Element should be visible {.sub_m[25]}
Element: '<li class="sub_m" value="0" displayed:false></li>'
Screenshot: file:/E:/000.%20Selenium/eclipse/eclipse-workspace/aceCounterPlus/build/reports/tests/1521515407929.0.png
Page source: file:/E:/000.%20Selenium/eclipse/eclipse-workspace/aceCounterPlus/build/reports/tests/1521515407929.0.html
Timeout: 4 s.
	at com.codeborne.selenide.impl.WebElementSource.checkCondition(WebElementSource.java:66)
	at com.codeborne.selenide.impl.WebElementSource.findAndAssertElementIsVisible(WebElementSource.java:72)
	at com.codeborne.selenide.commands.Click.execute(Click.java:16)
	at com.codeborne.selenide.commands.Click.execute(Click.java:12)
	at com.codeborne.selenide.commands.Commands.execute(Commands.java:144)
	at com.codeborne.selenide.impl.SelenideElementProxy.dispatchAndRetry(SelenideElementProxy.java:87)
	at com.codeborne.selenide.impl.SelenideElementProxy.invoke(SelenideElementProxy.java:63)
	at com.sun.proxy.$Proxy11.click(Unknown Source)
	at aceCounterPlus.backOffice.setting(backOffice.java:173)
	at java.base/jdk.internal.reflect.NativeMethodAccessorImpl.invoke0(Native Method)
	at java.base/jdk.internal.reflect.NativeMethodAccessorImpl.invoke(Unknown Source)
	at java.base/jdk.internal.reflect.DelegatingMethodAccessorImpl.invoke(Unknown Source)
	at java.base/java.lang.reflect.Method.invoke(Unknown Source)
	at org.testng.internal.MethodInvocationHelper.invokeMethod(MethodInvocationHelper.java:86)
	at org.testng.internal.Invoker.invokeMethod(Invoker.java:643)
	at org.testng.internal.Invoker.invokeTestMethod(Invoker.java:820)
	at org.testng.internal.Invoker.invokeTestMethods(Invoker.java:1128)
	at org.testng.internal.TestMethodWorker.invokeTestMethods(TestMethodWorker.java:129)
	at org.testng.internal.TestMethodWorker.run(TestMethodWorker.java:112)
	at org.testng.TestRunner.privateRun(TestRunner.java:782)
	at org.testng.TestRunner.run(TestRunner.java:632)
	at org.testng.SuiteRunner.runTest(SuiteRunner.java:366)
	at org.testng.SuiteRunner.runSequentially(SuiteRunner.java:361)
	at org.testng.SuiteRunner.privateRun(SuiteRunner.java:319)
	at org.testng.SuiteRunner.run(SuiteRunner.java:268)
	at org.testng.SuiteRunnerWorker.runSuite(SuiteRunnerWorker.java:52)
	at org.testng.SuiteRunnerWorker.run(SuiteRunnerWorker.java:86)
	at org.testng.TestNG.runSuitesSequentially(TestNG.java:1244)
	at org.testng.TestNG.runSuitesLocally(TestNG.java:1169)
	at org.testng.TestNG.run(TestNG.java:1064)
	at org.apache.maven.surefire.testng.TestNGExecutor.run(TestNGExecutor.java:283)
	at org.apache.maven.surefire.testng.TestNGXmlTestSuite.execute(TestNGXmlTestSuite.java:75)
	at org.apache.maven.surefire.testng.TestNGProvider.invoke(TestNGProvider.java:120)
	at org.apache.maven.surefire.booter.ForkedBooter.invokeProviderInSameClassLoader(ForkedBooter.java:386)
	at org.apache.maven.surefire.booter.ForkedBooter.runSuitesInProcess(ForkedBooter.java:323)
	at org.apache.maven.surefire.booter.ForkedBooter.main(ForkedBooter.java:143)
]]>
    </failure>
  </testcase> <!-- setting -->
  <testcase classname="aceCounterPlus.backOffice" name="login" time="2.387"/>
  <testcase classname="aceCounterPlus.backOffice" name="monitoring" time="9.272"/>
  <testcase classname="aceCounterPlus.backOffice" name="comApply" time="4.063"/>
  <testcase classname="aceCounterPlus.backOffice" name="contents" time="3.384"/>
  <testcase classname="aceCounterPlus.backOffice" name="regCustomer" time="4.697"/>
</testsuite> <!-- aceCounterPlus.backOffice -->
